0 info it worked if it ends with ok
1 verbose cli [ '/home/ubuntu/.nvm/v0.10.12/bin/node',
1 verbose cli   '/home/ubuntu/.nvm/v0.10.12/bin/npm',
1 verbose cli   'install',
1 verbose cli   'http' ]
2 info using npm@1.2.32
3 info using node@v0.10.12
4 verbose read json /home/ubuntu/ebopi/package.json
5 warn package.json ebopi@0.0.1 No repository field.
6 warn package.json ebopi@0.0.1 No readme data.
7 verbose read json /home/ubuntu/ebopi/node_modules/async/package.json
8 verbose read json /home/ubuntu/ebopi/node_modules/express/package.json
9 verbose read json /home/ubuntu/ebopi/node_modules/mongodb/package.json
10 verbose read json /home/ubuntu/ebopi/node_modules/mongoose/package.json
11 verbose from cache /home/ubuntu/ebopi/package.json
12 verbose readDependencies using package.json deps
13 verbose cache add [ 'http', null ]
14 verbose cache add name=undefined spec="http" args=["http",null]
15 verbose parsed url { protocol: null,
15 verbose parsed url   slashes: null,
15 verbose parsed url   auth: null,
15 verbose parsed url   host: null,
15 verbose parsed url   port: null,
15 verbose parsed url   hostname: null,
15 verbose parsed url   hash: null,
15 verbose parsed url   search: null,
15 verbose parsed url   query: null,
15 verbose parsed url   pathname: 'http',
15 verbose parsed url   path: 'http',
15 verbose parsed url   href: 'http' }
16 silly lockFile 77b5f8e3-http http
17 verbose lock http /home/ubuntu/.npm/77b5f8e3-http.lock
18 silly lockFile 77b5f8e3-http http
19 silly lockFile 77b5f8e3-http http
20 verbose addNamed [ 'http', '' ]
21 verbose addNamed [ null, '' ]
22 silly lockFile c1086ff9-http http@
23 verbose lock http@ /home/ubuntu/.npm/c1086ff9-http.lock
24 silly addNameRange { name: 'http', range: '', hasData: false }
25 verbose url raw http
26 verbose url resolving [ 'https://registry.npmjs.org/', './http' ]
27 verbose url resolved https://registry.npmjs.org/http
28 info trying registry request attempt 1 at 21:38:25
29 http GET https://registry.npmjs.org/http
30 http 404 https://registry.npmjs.org/http
31 silly registry.get cb [ 404,
31 silly registry.get   { server: 'CouchDB/1.3.0 (Erlang OTP/R15B03)',
31 silly registry.get     date: 'Sat, 17 Aug 2013 21:38:28 GMT',
31 silly registry.get     'content-type': 'application/json',
31 silly registry.get     'content-length': '52',
31 silly registry.get     'cache-control': 'must-revalidate' } ]
32 silly lockFile c1086ff9-http http@
33 silly lockFile c1086ff9-http http@
34 error 404 'http' is not in the npm registry.
34 error 404 You should bug the author to publish it
34 error 404
34 error 404 Note that you can also install from a
34 error 404 tarball, folder, or http url, or git url.
35 error System Linux 3.2.0-40-virtual
36 error command "/home/ubuntu/.nvm/v0.10.12/bin/node" "/home/ubuntu/.nvm/v0.10.12/bin/npm" "install" "http"
37 error cwd /home/ubuntu/ebopi
38 error node -v v0.10.12
39 error npm -v 1.2.32
40 error code E404
41 verbose exit [ 1, true ]
